\BOOKMARK [1][-]{section.1}{\376\377\000I\000n\000t\000r\000o\000d\000u\000c\000t\000i\000o\000n}{}% 1
\BOOKMARK [1][-]{section.2}{\376\377\000H\000i\000s\000t\000o\000r\000y\000\040\000o\000f\000\040\000C\000a\000u\000s\000a\000l\000i\000t\000y}{}% 2
\BOOKMARK [2][-]{subsection.2.1}{\376\377\000P\000l\000a\000t\000o}{section.2}% 3
\BOOKMARK [2][-]{subsection.2.2}{\376\377\000A\000r\000i\000s\000t\000o\000t\000l\000e}{section.2}% 4
\BOOKMARK [2][-]{subsection.2.3}{\376\377\000S\000e\000n\000e\000c\000a}{section.2}% 5
\BOOKMARK [2][-]{subsection.2.4}{\376\377\000G\000o\000t\000t\000f\000r\000i\000e\000d\000\040\000W\000i\000l\000h\000e\000l\000m\000\040\000L\000e\000i\000b\000n\000i\000z}{section.2}% 6
\BOOKMARK [2][-]{subsection.2.5}{\376\377\000D\000a\000v\000i\000d\000\040\000H\000u\000m\000e}{section.2}% 7
\BOOKMARK [2][-]{subsection.2.6}{\376\377\000J\000o\000h\000n\000\040\000S\000t\000u\000a\000r\000t\000\040\000M\000i\000l\000l}{section.2}% 8
\BOOKMARK [2][-]{subsection.2.7}{\376\377\000A\000l\000b\000e\000r\000t\000\040\000E\000i\000n\000s\000t\000e\000i\000n}{section.2}% 9
\BOOKMARK [2][-]{subsection.2.8}{\376\377\000B\000e\000r\000t\000r\000a\000n\000d\000\040\000R\000u\000s\000s\000e\000l\000l}{section.2}% 10
\BOOKMARK [2][-]{subsection.2.9}{\376\377\000Q\000u\000a\000n\000t\000u\000m\000\040\000P\000h\000y\000s\000i\000c\000s}{section.2}% 11
\BOOKMARK [1][-]{section.3}{\376\377\000R\000e\000l\000a\000t\000e\000d\000\040\000W\000o\000r\000k}{}% 12
\BOOKMARK [2][-]{subsection.3.1}{\376\377\000F\000o\000u\000n\000d\000a\000t\000i\000o\000n\000a\000l\000\040\000T\000h\000e\000o\000r\000i\000e\000s\000\040\000o\000f\000\040\000C\000a\000u\000s\000a\000l\000\040\000I\000n\000f\000e\000r\000e\000n\000c\000e}{section.3}% 13
\BOOKMARK [3][-]{subsubsection.3.1.1}{\376\377\000D\000i\000r\000e\000c\000t\000e\000d\000\040\000A\000c\000y\000c\000l\000i\000c\000\040\000G\000r\000a\000p\000h\000s\000\040\000\050\000D\000A\000G\000s\000\051}{subsection.3.1}% 14
\BOOKMARK [3][-]{subsubsection.3.1.2}{\376\377\000S\000t\000r\000u\000c\000t\000u\000r\000a\000l\000\040\000C\000a\000u\000s\000a\000l\000\040\000M\000o\000d\000e\000l\000\040\000\050\000S\000C\000M\000\051}{subsection.3.1}% 15
\BOOKMARK [3][-]{subsubsection.3.1.3}{\376\377\000C\000o\000u\000n\000t\000e\000r\000f\000a\000c\000t\000u\000a\000l\000s\000:\000\040\000W\000h\000a\000t\000\040\000i\000f\000?}{subsection.3.1}% 16
\BOOKMARK [3][-]{subsubsection.3.1.4}{\376\377\000P\000o\000t\000e\000n\000t\000i\000a\000l\000\040\000O\000u\000t\000c\000o\000m\000e\000s}{subsection.3.1}% 17
\BOOKMARK [2][-]{subsection.3.2}{\376\377\000I\000n\000v\000a\000r\000i\000a\000n\000t\000\040\000P\000r\000e\000d\000i\000c\000t\000i\000o\000n\000\040\000a\000n\000d\000\040\000O\000u\000t\000-\000o\000f\000-\000D\000i\000s\000t\000r\000i\000b\000u\000t\000i\000o\000n\000\040\000G\000e\000n\000e\000r\000a\000l\000i\000z\000a\000t\000i\000o\000n}{section.3}% 18
\BOOKMARK [2][-]{subsection.3.3}{\376\377\000C\000a\000u\000s\000a\000l\000\040\000D\000i\000s\000c\000o\000v\000e\000r\000y}{section.3}% 19
\BOOKMARK [2][-]{subsection.3.4}{\376\377\000C\000a\000u\000s\000a\000l\000\040\000I\000n\000f\000e\000r\000e\000n\000c\000e\000\040\000a\000n\000d\000\040\000D\000i\000s\000c\000o\000v\000e\000r\000y\000\040\000f\000o\000r\000\040\000\050\000H\000y\000p\000e\000r\000\051\000g\000r\000a\000p\000h\000s}{section.3}% 20
\BOOKMARK [2][-]{subsection.3.5}{\376\377\000C\000a\000u\000s\000a\000l\000\040\000I\000n\000f\000e\000r\000e\000n\000c\000e\000\040\000f\000o\000r\000\040\000T\000i\000m\000e\000\040\000S\000e\000r\000i\000e\000s}{section.3}% 21
\BOOKMARK [2][-]{subsection.3.6}{\376\377\000T\000h\000e\000\040\000R\000o\000l\000e\000\040\000o\000f\000\040\000C\000o\000n\000t\000e\000x\000t\000\040\000i\000n\000\040\000C\000a\000u\000s\000a\000l\000\040\000I\000n\000f\000e\000r\000e\000n\000c\000e}{section.3}% 22
\BOOKMARK [2][-]{subsection.3.7}{\376\377\000H\000i\000e\000r\000a\000r\000c\000h\000i\000c\000a\000l\000\040\000C\000a\000u\000s\000a\000l\000i\000t\000y}{section.3}% 23
\BOOKMARK [2][-]{subsection.3.8}{\376\377\000\050\000G\000e\000o\000m\000e\000t\000r\000i\000c\000\051\000\040\000D\000e\000e\000p\000\040\000L\000e\000a\000r\000n\000i\000n\000g\000\040\000f\000o\000r\000\040\000C\000a\000u\000s\000a\000l\000\040\000I\000n\000f\000e\000r\000e\000n\000c\000e\000\040\000a\000n\000d\000\040\000R\000e\000p\000r\000e\000s\000e\000n\000t\000a\000t\000i\000o\000n}{section.3}% 24
\BOOKMARK [2][-]{subsection.3.9}{\376\377\000C\000a\000u\000s\000a\000l\000\040\000R\000e\000p\000r\000e\000s\000e\000n\000t\000a\000t\000i\000o\000n\000\040\000L\000e\000a\000r\000n\000i\000n\000g}{section.3}% 25
\BOOKMARK [2][-]{subsection.3.10}{\376\377\000T\000h\000e\000\040\000C\000a\000u\000s\000a\000l\000o\000i\000d\000\040\000F\000r\000a\000m\000e\000w\000o\000r\000k}{section.3}% 26
\BOOKMARK [2][-]{subsection.3.11}{\376\377\000C\000o\000m\000p\000u\000t\000a\000t\000i\000o\000n\000a\000l\000\040\000C\000a\000u\000s\000a\000l\000i\000t\000y\000\040\000L\000i\000b\000r\000a\000r\000i\000e\000s}{section.3}% 27
\BOOKMARK [3][-]{subsubsection.3.11.1}{\376\377\000D\000o\000W\000h\000y\000\040\000\050\000M\000i\000c\000r\000o\000s\000o\000f\000t\000\051}{subsection.3.11}% 28
\BOOKMARK [3][-]{subsubsection.3.11.2}{\376\377\000E\000c\000o\000n\000M\000L\000\040\000\050\000M\000i\000c\000r\000o\000s\000o\000f\000t\000\051}{subsection.3.11}% 29
\BOOKMARK [3][-]{subsubsection.3.11.3}{\376\377\000C\000a\000u\000s\000a\000l\000M\000L\000\040\000\050\000U\000b\000e\000r\000\051}{subsection.3.11}% 30
\BOOKMARK [3][-]{subsubsection.3.11.4}{\376\377\000C\000a\000u\000s\000a\000l\000N\000e\000x\000\040\000\050\000M\000c\000K\000i\000n\000s\000e\000y\000\051}{subsection.3.11}% 31
\BOOKMARK [3][-]{subsubsection.3.11.5}{\376\377\000M\000e\000r\000i\000d\000i\000a\000n\000\040\000\050\000G\000o\000o\000g\000l\000e\000\051}{subsection.3.11}% 32
\BOOKMARK [2][-]{subsection.3.12}{\376\377\000C\000a\000u\000s\000a\000l\000\040\000I\000n\000f\000e\000r\000e\000n\000c\000e\000\040\000w\000i\000t\000h\000\040\000L\000a\000r\000g\000e\000\040\000L\000a\000n\000g\000u\000a\000g\000e\000\040\000M\000o\000d\000e\000l\000s\000\040\000\050\000L\000L\000M\000s\000\051}{section.3}% 33
\BOOKMARK [2][-]{subsection.3.13}{\376\377\000I\000n\000-\000c\000o\000n\000t\000e\000x\000t\000\040\000C\000a\000u\000s\000a\000l\000\040\000R\000e\000a\000s\000o\000n\000i\000n\000g\000\040\000w\000i\000t\000h\000\040\000L\000a\000r\000g\000e\000\040\000L\000a\000n\000g\000u\000a\000g\000e\000\040\000M\000o\000d\000e\000l\000s}{section.3}% 34
\BOOKMARK [2][-]{subsection.3.14}{\376\377\000C\000a\000u\000s\000a\000l\000\040\000I\000n\000f\000e\000r\000e\000n\000c\000e\000\040\000a\000t\000\040\000I\000n\000d\000u\000s\000t\000r\000y\000\040\000S\000c\000a\000l\000e}{section.3}% 35
\BOOKMARK [1][-]{section.4}{\376\377\000M\000o\000t\000i\000v\000a\000t\000i\000o\000n}{}% 36
\BOOKMARK [2][-]{subsection.4.1}{\376\377\000N\000o\000n\000-\000E\000u\000c\000l\000i\000d\000e\000a\000n\000\040\000r\000e\000p\000r\000e\000s\000e\000n\000t\000a\000t\000i\000o\000n}{section.4}% 37
\BOOKMARK [2][-]{subsection.4.2}{\376\377\000N\000o\000n\000-\000l\000i\000n\000e\000a\000r\000\040\000T\000i\000m\000e}{section.4}% 38
\BOOKMARK [2][-]{subsection.4.3}{\376\377\000N\000o\000\040\000a\000-\000p\000r\000i\000o\000r\000i\000\040\000c\000a\000u\000s\000a\000l\000\040\000s\000t\000r\000u\000c\000t\000u\000r\000e\000s}{section.4}% 39
\BOOKMARK [2][-]{subsection.4.4}{\376\377\000B\000o\000u\000n\000d\000a\000r\000i\000e\000s\000\040\000o\000f\000\040\000C\000l\000a\000s\000s\000i\000c\000a\000l\000\040\000C\000a\000u\000s\000a\000l\000\040\000M\000o\000d\000e\000l\000s}{section.4}% 40
\BOOKMARK [2][-]{subsection.4.5}{\376\377\000B\000e\000y\000o\000n\000d\000\040\000C\000l\000a\000s\000s\000i\000c\000a\000l\000\040\000C\000a\000u\000s\000a\000l\000\040\000M\000o\000d\000e\000l\000s}{section.4}% 41
\BOOKMARK [1][-]{section.5}{\376\377\000C\000a\000u\000s\000a\000l\000i\000t\000y\000\040\000a\000s\000\040\000E\000f\000f\000e\000c\000t\000\040\000P\000r\000o\000p\000a\000g\000a\000t\000i\000o\000n\000\040\000P\000r\000o\000c\000e\000s\000s}{}% 42
\BOOKMARK [2][-]{subsection.5.1}{\376\377\000B\000a\000c\000k\000g\000r\000o\000u\000n\000d}{section.5}% 43
\BOOKMARK [2][-]{subsection.5.2}{\376\377\000D\000e\000f\000i\000n\000i\000t\000i\000o\000n}{section.5}% 44
\BOOKMARK [3][-]{subsubsection.5.2.1}{\376\377\000C\000l\000a\000s\000s\000i\000c\000a\000l\000\040\000D\000e\000f\000i\000n\000i\000t\000i\000o\000n\000\040\000o\000f\000\040\000C\000a\000u\000s\000a\000l\000i\000t\000y}{subsection.5.2}% 45
\BOOKMARK [3][-]{subsubsection.5.2.2}{\376\377\000D\000e\000c\000o\000n\000s\000t\000r\000u\000c\000t\000i\000n\000g\000\040\000C\000l\000a\000s\000s\000i\000c\000a\000l\000\040\000C\000a\000u\000s\000a\000l\000i\000t\000y}{subsection.5.2}% 46
\BOOKMARK [3][-]{subsubsection.5.2.3}{\376\377\000G\000e\000n\000e\000r\000a\000l\000i\000z\000e\000d\000\040\000D\000e\000f\000i\000n\000i\000t\000i\000o\000n\000\040\000o\000f\000\040\000C\000a\000u\000s\000a\000l\000i\000t\000y}{subsection.5.2}% 47
\BOOKMARK [3][-]{subsubsection.5.2.4}{\376\377\000A\000x\000i\000o\000m\000\040\000o\000f\000\040\000C\000a\000u\000s\000a\000l\000i\000t\000y}{subsection.5.2}% 48
\BOOKMARK [3][-]{subsubsection.5.2.5}{\376\377\000H\000i\000g\000h\000e\000r\000-\000O\000r\000d\000e\000r\000\040\000I\000m\000p\000l\000i\000c\000a\000t\000i\000o\000n\000s}{subsection.5.2}% 49
\BOOKMARK [2][-]{subsection.5.3}{\376\377\000O\000v\000e\000r\000v\000i\000e\000w\000\040\000o\000f\000\040\000t\000h\000e\000\040\000E\000P\000P}{section.5}% 50
\BOOKMARK [2][-]{subsection.5.4}{\376\377\000E\000x\000p\000l\000i\000c\000i\000t\000\040\000A\000s\000s\000u\000m\000p\000t\000i\000o\000n\000s}{section.5}% 51
\BOOKMARK [2][-]{subsection.5.5}{\376\377\000C\000o\000n\000t\000e\000x\000t}{section.5}% 52
\BOOKMARK [2][-]{subsection.5.6}{\376\377\000C\000a\000u\000s\000a\000l\000o\000i\000d}{section.5}% 53
\BOOKMARK [2][-]{subsection.5.7}{\376\377\000C\000a\000u\000s\000a\000l\000o\000i\000d\000\040\000C\000o\000l\000l\000e\000c\000t\000i\000o\000n}{section.5}% 54
\BOOKMARK [2][-]{subsection.5.8}{\376\377\000C\000a\000u\000s\000a\000l\000o\000i\000d\000\040\000G\000r\000a\000p\000h}{section.5}% 55
\BOOKMARK [2][-]{subsection.5.9}{\376\377\000P\000r\000o\000p\000a\000g\000a\000t\000i\000n\000g\000E\000f\000f\000e\000c\000t}{section.5}% 56
\BOOKMARK [2][-]{subsection.5.10}{\376\377\000D\000y\000n\000a\000m\000i\000c\000\040\000R\000e\000a\000s\000o\000n\000i\000n\000g\000\040\000M\000o\000d\000a\000l\000i\000t\000i\000e\000s}{section.5}% 57
\BOOKMARK [3][-]{subsubsection.5.10.1}{\376\377\000S\000t\000a\000t\000i\000c\000\040\000R\000e\000a\000s\000o\000n\000i\000n\000g}{subsection.5.10}% 58
\BOOKMARK [3][-]{subsubsection.5.10.2}{\376\377\000D\000y\000n\000a\000m\000i\000c\000\040\000R\000e\000a\000s\000o\000n\000i\000n\000g}{subsection.5.10}% 59
\BOOKMARK [3][-]{subsubsection.5.10.3}{\376\377\000A\000d\000a\000p\000t\000i\000v\000e\000\040\000R\000e\000a\000s\000o\000n\000i\000n\000g}{subsection.5.10}% 60
\BOOKMARK [3][-]{subsubsection.5.10.4}{\376\377\000E\000m\000e\000r\000g\000e\000n\000t\000\040\000R\000e\000a\000s\000o\000n\000i\000n\000g}{subsection.5.10}% 61
\BOOKMARK [3][-]{subsubsection.5.10.5}{\376\377\000T\000r\000a\000d\000e\000-\000o\000f\000f\000:\000\040\000A\000d\000a\000p\000t\000a\000b\000i\000l\000i\000t\000y\000\040\000v\000s\000.\000\040\000V\000e\000r\000i\000f\000i\000a\000b\000i\000l\000i\000t\000y}{subsection.5.10}% 62
\BOOKMARK [2][-]{subsection.5.11}{\376\377\000C\000a\000u\000s\000a\000l\000\040\000S\000t\000a\000t\000e\000\040\000M\000a\000c\000h\000i\000n\000e}{section.5}% 63
\BOOKMARK [2][-]{subsection.5.12}{\376\377\000T\000e\000l\000o\000i\000d\000\040\000a\000n\000d\000\040\000E\000f\000f\000e\000c\000t\000\040\000E\000t\000h\000o\000s}{section.5}% 64
\BOOKMARK [2][-]{subsection.5.13}{\376\377\000M\000a\000p\000p\000i\000n\000g\000\040\000P\000e\000a\000r\000l\000'\000s\000\040\000L\000a\000d\000d\000e\000r\000\040\000o\000f\000\040\000C\000a\000u\000s\000a\000t\000i\000o\000n\000\040\000t\000o\000\040\000t\000h\000e\000\040\000E\000P\000P}{section.5}% 65
\BOOKMARK [2][-]{subsection.5.14}{\376\377\000M\000a\000p\000p\000i\000n\000g\000\040\000D\000y\000n\000a\000m\000i\000c\000\040\000B\000a\000y\000e\000s\000i\000a\000n\000\040\000N\000e\000t\000w\000o\000r\000k\000s\000\040\000t\000o\000\040\000t\000h\000e\000\040\000E\000P\000P}{section.5}% 66
\BOOKMARK [2][-]{subsection.5.15}{\376\377\000M\000a\000p\000p\000i\000n\000g\000\040\000G\000r\000a\000n\000g\000e\000r\000\040\000C\000a\000u\000s\000a\000l\000i\000t\000y\000\040\000t\000o\000\040\000t\000h\000e\000\040\000E\000P\000P}{section.5}% 67
\BOOKMARK [2][-]{subsection.5.16}{\376\377\000M\000a\000p\000p\000i\000n\000g\000\040\000R\000u\000b\000i\000n\000\040\000C\000a\000u\000s\000a\000l\000\040\000M\000o\000d\000e\000l\000\040\000\050\000R\000C\000M\000\051\000\040\000t\000o\000\040\000t\000h\000e\000\040\000E\000P\000P}{section.5}% 68
\BOOKMARK [2][-]{subsection.5.17}{\376\377\000M\000a\000p\000p\000i\000n\000g\000\040\000C\000o\000n\000d\000i\000t\000i\000o\000n\000a\000l\000\040\000A\000v\000e\000r\000a\000g\000e\000\040\000T\000r\000e\000a\000t\000m\000e\000n\000t\000\040\000E\000f\000f\000e\000c\000t\000s\000\040\000\050\000C\000A\000T\000E\000\051\000\040\000I\000n\000f\000e\000r\000e\000n\000c\000e\000\040\000t\000o\000\040\000t\000h\000e\000\040\000E\000P\000P}{section.5}% 69
\BOOKMARK [2][-]{subsection.5.18}{\376\377\000C\000o\000m\000p\000a\000r\000i\000s\000o\000n}{section.5}% 70
\BOOKMARK [2][-]{subsection.5.19}{\376\377\000D\000i\000s\000c\000u\000s\000s\000i\000o\000n}{section.5}% 71
\BOOKMARK [1][-]{section.6}{\376\377\000T\000h\000e\000\040\000M\000e\000t\000a\000p\000h\000y\000s\000i\000c\000s\000\040\000o\000f\000\040\000t\000h\000e\000\040\000E\000f\000f\000e\000c\000t\000\040\000P\000r\000o\000p\000a\000g\000a\000t\000i\000o\000n\000\040\000P\000r\000o\000c\000e\000s\000s}{}% 72
\BOOKMARK [2][-]{subsection.6.1}{\376\377\000M\000o\000n\000o\000i\000d\000i\000c\000\040\000P\000r\000i\000m\000i\000t\000i\000v\000e\000s}{section.6}% 73
\BOOKMARK [2][-]{subsection.6.2}{\376\377\000I\000s\000o\000m\000o\000r\000p\000h\000i\000c\000\040\000R\000e\000c\000u\000r\000s\000i\000v\000e\000\040\000C\000o\000m\000p\000o\000s\000i\000t\000i\000o\000n}{section.6}% 74
\BOOKMARK [2][-]{subsection.6.3}{\376\377\000T\000h\000e\000\040\000M\000e\000t\000a\000p\000h\000y\000s\000i\000c\000s\000\040\000o\000f\000\040\000C\000o\000n\000t\000e\000x\000t}{section.6}% 75
\BOOKMARK [2][-]{subsection.6.4}{\376\377\000T\000h\000e\000\040\000M\000e\000t\000a\000p\000h\000y\000s\000i\000c\000s\000\040\000o\000f\000\040\000B\000e\000i\000n\000g}{section.6}% 76
\BOOKMARK [2][-]{subsection.6.5}{\376\377\000T\000h\000e\000\040\000M\000e\000t\000a\000p\000h\000y\000s\000i\000c\000s\000\040\000o\000f\000\040\000D\000y\000n\000a\000m\000i\000c\000s}{section.6}% 77
\BOOKMARK [2][-]{subsection.6.6}{\376\377\000T\000h\000e\000\040\000M\000e\000t\000a\000p\000h\000y\000s\000i\000c\000s\000\040\000o\000f\000\040\000A\000d\000a\000p\000t\000a\000t\000i\000o\000n}{section.6}% 78
\BOOKMARK [2][-]{subsection.6.7}{\376\377\000T\000h\000e\000\040\000M\000e\000t\000a\000p\000h\000y\000s\000i\000c\000s\000\040\000o\000f\000\040\000S\000t\000r\000u\000c\000t\000u\000r\000a\000l\000\040\000C\000h\000a\000n\000g\000e}{section.6}% 79
\BOOKMARK [2][-]{subsection.6.8}{\376\377\000T\000h\000e\000\040\000M\000e\000t\000a\000p\000h\000y\000s\000i\000c\000s\000\040\000o\000f\000\040\000B\000e\000c\000o\000m\000i\000n\000g}{section.6}% 80
\BOOKMARK [2][-]{subsection.6.9}{\376\377\000T\000h\000e\000\040\000M\000e\000t\000a\000p\000h\000y\000s\000i\000c\000s\000\040\000o\000f\000\040\000A\000x\000i\000o\000l\000o\000g\000y}{section.6}% 81
\BOOKMARK [2][-]{subsection.6.10}{\376\377\000T\000h\000e\000\040\000M\000e\000t\000a\000p\000h\000y\000s\000i\000c\000s\000\040\000o\000f\000\040\000D\000o\000i\000n\000g}{section.6}% 82
\BOOKMARK [2][-]{subsection.6.11}{\376\377\000D\000i\000s\000c\000u\000s\000s\000i\000o\000n}{section.6}% 83
\BOOKMARK [1][-]{section.7}{\376\377\000T\000h\000e\000\040\000E\000p\000i\000s\000t\000e\000m\000o\000l\000o\000g\000y\000\040\000o\000f\000\040\000t\000h\000e\000\040\000E\000f\000f\000e\000c\000t\000\040\000P\000r\000o\000p\000a\000g\000a\000t\000i\000o\000n\000\040\000P\000r\000o\000c\000e\000s\000s}{}% 84
\BOOKMARK [2][-]{subsection.7.1}{\376\377\000O\000v\000e\000r\000v\000i\000e\000w}{section.7}% 85
\BOOKMARK [3][-]{subsubsection.7.1.1}{\376\377\000O\000n\000t\000o\000l\000o\000g\000y\000\040\000o\000f\000\040\000K\000n\000o\000w\000l\000e\000d\000g\000e\000\040\000S\000o\000u\000r\000c\000e\000s}{subsection.7.1}% 86
\BOOKMARK [3][-]{subsubsection.7.1.2}{\376\377\000K\000n\000o\000w\000l\000e\000d\000g\000e\000\040\000D\000e\000r\000i\000v\000a\000t\000i\000o\000n}{subsection.7.1}% 87
\BOOKMARK [3][-]{subsubsection.7.1.3}{\376\377\000J\000u\000s\000t\000i\000f\000i\000c\000a\000t\000i\000o\000n\000\040\000o\000f\000\040\000D\000e\000r\000i\000v\000e\000d\000\040\000K\000n\000o\000w\000l\000e\000d\000g\000e}{subsection.7.1}% 88
\BOOKMARK [2][-]{subsection.7.2}{\376\377\000S\000t\000a\000t\000i\000c\000\040\000E\000P\000P\000\040\000E\000p\000i\000s\000t\000e\000m\000o\000l\000o\000g\000y}{section.7}% 89
\BOOKMARK [2][-]{subsection.7.3}{\376\377\000D\000y\000n\000a\000m\000i\000c\000\040\000E\000P\000P\000\040\000E\000p\000i\000s\000t\000e\000m\000o\000l\000o\000g\000y}{section.7}% 90
\BOOKMARK [2][-]{subsection.7.4}{\376\377\000E\000m\000e\000r\000g\000e\000n\000t\000\040\000E\000P\000P\000\040\000E\000p\000i\000s\000t\000e\000m\000o\000l\000o\000g\000y}{section.7}% 91
\BOOKMARK [2][-]{subsection.7.5}{\376\377\000O\000p\000e\000r\000a\000t\000i\000o\000n\000a\000l\000i\000z\000e\000d\000\040\000M\000e\000a\000n\000i\000n\000g\000\040\000o\000f\000\040\000T\000r\000u\000t\000h}{section.7}% 92
\BOOKMARK [2][-]{subsection.7.6}{\376\377\000C\000a\000u\000s\000a\000l\000\040\000E\000m\000e\000r\000g\000e\000n\000c\000e}{section.7}% 93
\BOOKMARK [2][-]{subsection.7.7}{\376\377\000D\000i\000s\000c\000u\000s\000s\000i\000o\000n}{section.7}% 94
\BOOKMARK [1][-]{section.8}{\376\377\000T\000h\000e\000\040\000T\000e\000l\000e\000o\000l\000o\000g\000y\000\040\000o\000f\000\040\000t\000h\000e\000\040\000E\000f\000f\000e\000c\000t\000\040\000P\000r\000o\000p\000a\000g\000a\000t\000i\000o\000n\000\040\000P\000r\000o\000c\000e\000s\000s}{}% 95
\BOOKMARK [2][-]{subsection.8.1}{\376\377\000O\000v\000e\000r\000v\000i\000e\000w}{section.8}% 96
\BOOKMARK [2][-]{subsection.8.2}{\376\377\000D\000e\000f\000e\000a\000s\000i\000b\000l\000e\000\040\000D\000e\000o\000n\000t\000i\000c\000\040\000F\000o\000u\000n\000d\000a\000t\000i\000o\000n}{section.8}% 97
\BOOKMARK [2][-]{subsection.8.3}{\376\377\000E\000n\000c\000o\000d\000i\000n\000g\000\040\000E\000t\000h\000i\000c\000s\000\040\000i\000n\000\040\000a\000\040\000T\000e\000l\000o\000i\000d}{section.8}% 98
\BOOKMARK [2][-]{subsection.8.4}{\376\377\000D\000e\000o\000n\000t\000i\000c\000\040\000I\000n\000f\000e\000r\000e\000n\000c\000e}{section.8}% 99
\BOOKMARK [2][-]{subsection.8.5}{\376\377\000D\000i\000s\000c\000u\000s\000s\000i\000o\000n}{section.8}% 100
\BOOKMARK [1][-]{section.9}{\376\377\000T\000h\000e\000\040\000O\000n\000t\000o\000l\000o\000g\000y\000\040\000o\000f\000\040\000t\000h\000e\000\040\000E\000f\000f\000e\000c\000t\000\040\000P\000r\000o\000p\000a\000g\000a\000t\000i\000o\000n\000\040\000P\000r\000o\000c\000e\000s\000s}{}% 101
\BOOKMARK [2][-]{subsection.9.1}{\376\377\000T\000h\000e\000\040\000O\000n\000t\000o\000l\000o\000g\000y\000\040\000o\000f\000\040\000B\000e\000i\000n\000g}{section.9}% 102
\BOOKMARK [3][-]{subsubsection.9.1.1}{\376\377\000T\000h\000e\000\040\000C\000a\000u\000s\000a\000l\000o\000i\000d\000:\000\040\000A\000\040\000U\000n\000i\000t\000\040\000o\000f\000\040\000C\000a\000u\000s\000a\000l\000i\000t\000y}{subsection.9.1}% 103
\BOOKMARK [3][-]{subsubsection.9.1.2}{\376\377\000T\000h\000e\000\040\000C\000o\000n\000t\000e\000x\000t\000o\000i\000d\000:\000\040\000A\000\040\000U\000n\000i\000t\000\040\000o\000f\000\040\000C\000o\000n\000t\000e\000x\000t}{subsection.9.1}% 104
\BOOKMARK [3][-]{subsubsection.9.1.3}{\376\377\000T\000h\000e\000\040\000C\000o\000n\000t\000e\000x\000t\000:\000\040\000A\000\040\000s\000t\000r\000u\000c\000t\000u\000r\000e\000\040\000f\000o\000r\000\040\000C\000o\000n\000t\000e\000x\000t\000o\000i\000d\000s}{subsection.9.1}% 105
\BOOKMARK [3][-]{subsubsection.9.1.4}{\376\377\000T\000h\000e\000\040\000E\000v\000i\000d\000e\000n\000c\000e\000:\000\040\000A\000\040\000U\000n\000i\000t\000\040\000o\000f\000\040\000F\000a\000c\000t\000s}{subsection.9.1}% 106
\BOOKMARK [3][-]{subsubsection.9.1.5}{\376\377\000T\000h\000e\000\040\000P\000r\000o\000p\000a\000g\000a\000t\000i\000n\000g\000\040\000E\000f\000f\000e\000c\000t\000:\000\040\000A\000\040\000U\000n\000i\000t\000\040\000o\000f\000\040\000I\000n\000f\000l\000u\000e\000n\000c\000e}{subsection.9.1}% 107
\BOOKMARK [2][-]{subsection.9.2}{\376\377\000T\000h\000e\000\040\000O\000n\000t\000o\000l\000o\000g\000y\000\040\000o\000f\000\040\000B\000e\000c\000o\000m\000i\000n\000g\000:\000\040\000D\000y\000n\000a\000m\000i\000c\000s}{section.9}% 108
\BOOKMARK [2][-]{subsection.9.3}{\376\377\000T\000h\000e\000\040\000O\000n\000t\000o\000l\000o\000g\000y\000\040\000o\000f\000\040\000E\000m\000e\000r\000g\000e\000n\000c\000e}{section.9}% 109
\BOOKMARK [3][-]{subsubsection.9.3.1}{\376\377\000T\000h\000e\000\040\000G\000e\000n\000e\000r\000a\000t\000i\000v\000e\000\040\000T\000r\000i\000g\000g\000e\000r}{subsection.9.3}% 110
\BOOKMARK [3][-]{subsubsection.9.3.2}{\376\377\000T\000h\000e\000\040\000G\000e\000n\000e\000r\000a\000t\000i\000v\000e\000\040\000C\000o\000m\000m\000a\000n\000d}{subsection.9.3}% 111
\BOOKMARK [3][-]{subsubsection.9.3.3}{\376\377\000T\000h\000e\000\040\000G\000e\000n\000e\000r\000a\000t\000i\000v\000e\000\040\000P\000r\000o\000c\000e\000s\000s}{subsection.9.3}% 112
\BOOKMARK [3][-]{subsubsection.9.3.4}{\376\377\000T\000h\000e\000\040\000G\000e\000n\000e\000r\000a\000t\000i\000v\000e\000\040\000O\000u\000t\000c\000o\000m\000e}{subsection.9.3}% 113
\BOOKMARK [2][-]{subsection.9.4}{\376\377\000T\000h\000e\000\040\000O\000n\000t\000o\000l\000o\000g\000y\000\040\000o\000f\000\040\000A\000c\000t\000i\000o\000n}{section.9}% 114
\BOOKMARK [2][-]{subsection.9.5}{\376\377\000D\000i\000s\000c\000u\000s\000s\000i\000o\000n}{section.9}% 115
\BOOKMARK [1][-]{section.10}{\376\377\000T\000h\000e\000\040\000F\000o\000r\000m\000a\000l\000i\000z\000a\000t\000i\000o\000n\000\040\000o\000f\000\040\000t\000h\000e\000\040\000E\000f\000f\000e\000c\000t\000\040\000P\000r\000o\000p\000a\000g\000a\000t\000i\000o\000n\000\040\000P\000r\000o\000c\000e\000s\000s}{}% 116
\BOOKMARK [2][-]{subsection.10.1}{\376\377\000A\000x\000i\000o\000m\000s}{section.10}% 117
\BOOKMARK [2][-]{subsection.10.2}{\376\377\000F\000o\000r\000m\000a\000l\000\040\000D\000e\000r\000i\000v\000a\000t\000i\000o\000n\000\040\000o\000f\000\040\000t\000h\000e\000\040\000E\000P\000P\000\040\000P\000r\000i\000m\000i\000t\000i\000v\000e\000s}{section.10}% 118
\BOOKMARK [2][-]{subsection.10.3}{\376\377\000C\000o\000n\000t\000e\000x\000t\000u\000a\000l\000\040\000F\000a\000b\000r\000i\000c\000\040\000\050\000C\000\051}{section.10}% 119
\BOOKMARK [3][-]{subsubsection.10.3.1}{\376\377\000T\000h\000e\000\040\000C\000o\000n\000t\000e\000x\000t\000o\000i\000d\000\040\000\050\000v\000\051}{subsection.10.3}% 120
\BOOKMARK [3][-]{subsubsection.10.3.2}{\376\377\000T\000h\000e\000\040\000C\000o\000n\000t\000e\000x\000t\000\040\000H\000y\000p\000e\000r\000g\000r\000a\000p\000h\000\040\000\050\000C\000\051}{subsection.10.3}% 121
\BOOKMARK [3][-]{subsubsection.10.3.3}{\376\377\000C\000o\000n\000t\000e\000x\000t\000\040\000C\000o\000l\000l\000e\000c\000t\000i\000o\000n\000\040\000\050\000C\000\137\000s\000y\000s\000\051}{subsection.10.3}% 122
\BOOKMARK [3][-]{subsubsection.10.3.4}{\376\377\000C\000o\000n\000t\000e\000x\000t\000\040\000A\000c\000c\000e\000s\000s\000o\000r\000\040\000\050\000C\000o\000n\000t\000e\000x\000t\000A\000c\000c\000e\000s\000s\000o\000r\000\040\000C\000\137\000r\000e\000f\000s\000\051}{subsection.10.3}% 123
\BOOKMARK [2][-]{subsection.10.4}{\376\377\000C\000a\000u\000s\000a\000l\000\040\000U\000n\000i\000t\000s\000\040\000a\000n\000d\000\040\000S\000t\000r\000u\000c\000t\000u\000r\000e\000s\000\040\000\050\000G\000\051}{section.10}% 124
\BOOKMARK [3][-]{subsubsection.10.4.1}{\376\377\000T\000h\000e\000\040\000C\000a\000u\000s\000a\000l\000o\000i\000d\000\040\000\050\000c\000h\000i\000\051}{subsection.10.4}% 125
\BOOKMARK [3][-]{subsubsection.10.4.2}{\376\377\000T\000h\000e\000\040\000C\000a\000u\000s\000a\000l\000o\000i\000d\000G\000r\000a\000p\000h\000\040\000\050\000G\000\051}{subsection.10.4}% 126
\BOOKMARK [2][-]{subsection.10.5}{\376\377\000E\000f\000f\000e\000c\000t\000\040\000P\000r\000o\000p\000a\000g\000a\000t\000i\000o\000n\000,\000\040\000D\000y\000n\000a\000m\000i\000c\000s\000,\000\040\000a\000n\000d\000\040\000E\000m\000e\000r\000g\000e\000n\000c\000e}{section.10}% 127
\BOOKMARK [3][-]{subsubsection.10.5.1}{\376\377\000T\000h\000e\000\040\000O\000p\000e\000r\000a\000t\000i\000o\000n\000a\000l\000\040\000G\000e\000n\000e\000r\000a\000t\000i\000v\000e\000\040\000F\000u\000n\000c\000t\000i\000o\000n\000\040\000\050\000P\000h\000i\000\137\000g\000e\000n\000\051}{subsection.10.5}% 128
\BOOKMARK [3][-]{subsubsection.10.5.2}{\376\377\000C\000o\000r\000e\000\040\000E\000P\000P\000\040\000P\000r\000i\000n\000c\000i\000p\000l\000e\000s}{subsection.10.5}% 129
\BOOKMARK [2][-]{subsection.10.6}{\376\377\000T\000h\000e\000\040\000C\000a\000u\000s\000a\000l\000\040\000S\000t\000a\000t\000e\000\040\000M\000a\000c\000h\000i\000n\000e\000\040\000\050\000C\000S\000M\000\051\000\040}{section.10}% 130
\BOOKMARK [3][-]{subsubsection.10.6.1}{\376\377\000C\000S\000M\000\040\000O\000p\000e\000r\000a\000t\000i\000o\000n\000:\000\040\000S\000t\000a\000t\000e\000\040\000E\000v\000a\000l\000u\000a\000t\000i\000o\000n\000\040\000a\000n\000d\000\040\000A\000c\000t\000i\000o\000n\000\040\000T\000r\000i\000g\000g\000e\000r\000i\000n\000g}{subsection.10.6}% 131
\BOOKMARK [3][-]{subsubsection.10.6.2}{\376\377\000C\000S\000M\000\040\000D\000y\000n\000a\000m\000i\000c\000s\000:\000\040\000M\000a\000n\000a\000g\000i\000n\000g\000\040\000S\000t\000a\000t\000e\000-\000A\000c\000t\000i\000o\000n\000\040\000P\000a\000i\000r\000s}{subsection.10.6}% 132
\BOOKMARK [2][-]{subsection.10.7}{\376\377\000E\000x\000a\000m\000p\000l\000e\000:\000\040\000S\000m\000o\000k\000i\000n\000g\000,\000\040\000T\000a\000r\000,\000\040\000a\000n\000d\000\040\000C\000a\000n\000c\000e\000r}{section.10}% 133
\BOOKMARK [3][-]{subsubsection.10.7.1}{\376\377\000D\000e\000f\000i\000n\000i\000n\000g\000\040\000t\000h\000e\000\040\000C\000a\000u\000s\000a\000l\000\040\000P\000r\000o\000b\000l\000e\000m}{subsection.10.7}% 134
\BOOKMARK [3][-]{subsubsection.10.7.2}{\376\377\000F\000o\000r\000m\000a\000l\000i\000z\000i\000n\000g\000\040\000t\000h\000e\000\040\000C\000o\000m\000p\000o\000n\000e\000n\000t\000s}{subsection.10.7}% 135
\BOOKMARK [3][-]{subsubsection.10.7.3}{\376\377\000F\000o\000r\000m\000a\000l\000i\000z\000i\000n\000g\000\040\000E\000f\000f\000e\000c\000t\000\040\000P\000r\000o\000p\000a\000g\000a\000t\000i\000o\000n\000\040\000\050\000E\000P\000P\000\051}{subsection.10.7}% 136
\BOOKMARK [3][-]{subsubsection.10.7.4}{\376\377\000F\000o\000r\000m\000a\000l\000i\000z\000i\000n\000g\000\040\000O\000b\000s\000e\000r\000v\000a\000t\000i\000o\000n\000s}{subsection.10.7}% 137
\BOOKMARK [2][-]{subsection.10.8}{\376\377\000D\000i\000s\000c\000u\000s\000s\000i\000o\000n}{section.10}% 138
\BOOKMARK [1][-]{section.11}{\376\377\000V\000a\000l\000i\000d\000i\000t\000y}{}% 139
\BOOKMARK [2][-]{subsection.11.1}{\376\377\000I\000n\000t\000e\000r\000n\000a\000l\000\040\000v\000a\000l\000i\000d\000i\000t\000y}{section.11}% 140
\BOOKMARK [3][-]{subsubsection.11.1.1}{\376\377\000S\000p\000a\000c\000e\000t\000i\000m\000e\000\040\000A\000g\000n\000o\000s\000t\000i\000c\000i\000s\000m\000\040\000\046\000\040\000C\000a\000u\000s\000a\000l\000o\000i\000d\000s}{subsection.11.1}% 141
\BOOKMARK [3][-]{subsubsection.11.1.2}{\376\377\000E\000f\000f\000e\000c\000t\000\040\000P\000r\000o\000p\000a\000g\000a\000t\000i\000o\000n\000\040\000a\000s\000\040\000t\000h\000e\000\040\000E\000s\000s\000e\000n\000c\000e\000\040\000o\000f\000\040\000C\000a\000u\000s\000a\000l\000i\000t\000y}{subsection.11.1}% 142
\BOOKMARK [3][-]{subsubsection.11.1.3}{\376\377\000C\000o\000m\000p\000a\000t\000i\000b\000i\000l\000i\000t\000y\000\040\000w\000i\000t\000h\000\040\000C\000l\000a\000s\000s\000i\000c\000a\000l\000\040\000C\000a\000u\000s\000a\000l\000i\000t\000y}{subsection.11.1}% 143
\BOOKMARK [2][-]{subsection.11.2}{\376\377\000E\000x\000t\000e\000r\000n\000a\000l\000\040\000v\000a\000l\000i\000d\000i\000t\000y}{section.11}% 144
\BOOKMARK [3][-]{subsubsection.11.2.1}{\376\377\000F\000a\000l\000s\000i\000f\000i\000a\000b\000i\000l\000i\000t\000y}{subsection.11.2}% 145
\BOOKMARK [3][-]{subsubsection.11.2.2}{\376\377\000A\000l\000t\000e\000r\000n\000a\000t\000i\000v\000e\000\040\000i\000n\000t\000e\000r\000p\000r\000e\000t\000a\000t\000i\000o\000n\000s}{subsection.11.2}% 146
\BOOKMARK [3][-]{subsubsection.11.2.3}{\376\377\000B\000o\000u\000n\000d\000a\000r\000i\000e\000s\000\040\000o\000f\000\040\000G\000e\000n\000e\000r\000a\000l\000i\000z\000a\000t\000i\000o\000n}{subsection.11.2}% 147
\BOOKMARK [3][-]{subsubsection.11.2.4}{\376\377\000M\000e\000t\000h\000o\000d\000\040\000S\000e\000l\000e\000c\000t\000i\000o\000n\000\040\000C\000r\000i\000t\000e\000r\000i\000a\000:\000\040\000C\000l\000a\000s\000s\000i\000c\000a\000l\000\040\000C\000a\000u\000s\000a\000l\000i\000t\000y\000\040\000v\000s\000.\000\040\000E\000P\000P}{subsection.11.2}% 148
\BOOKMARK [1][-]{section.12}{\376\377\000T\000h\000e\000\040\000I\000m\000p\000l\000e\000m\000e\000n\000t\000a\000t\000i\000o\000n\000\040\000o\000f\000\040\000t\000h\000e\000\040\000E\000f\000f\000e\000c\000t\000\040\000P\000r\000o\000p\000a\000g\000a\000t\000i\000o\000n\000\040\000P\000r\000o\000c\000e\000s\000s}{}% 149
\BOOKMARK [2][-]{subsection.12.1}{\376\377\000O\000v\000e\000r\000v\000i\000e\000w}{section.12}% 150
\BOOKMARK [2][-]{subsection.12.2}{\376\377\000U\000l\000t\000r\000a\000G\000r\000a\000p\000h}{section.12}% 151
\BOOKMARK [3][-]{subsubsection.12.2.1}{\376\377\000D\000u\000a\000l\000-\000s\000t\000a\000t\000e\000\040\000g\000r\000a\000p\000h\000\040\000l\000i\000f\000e\000-\000c\000y\000c\000l\000e}{subsection.12.2}% 152
\BOOKMARK [3][-]{subsubsection.12.2.2}{\376\377\000S\000o\000A\000\040\000C\000s\000r\000A\000d\000j\000a\000c\000e\000n\000c\000y\000\040\000T\000y\000p\000e}{subsection.12.2}% 153
\BOOKMARK [3][-]{subsubsection.12.2.3}{\376\377\000S\000e\000p\000a\000r\000a\000t\000i\000o\000n\000\040\000o\000f\000\040\000F\000o\000r\000w\000a\000r\000d\000\040\000a\000n\000d\000\040\000B\000a\000c\000k\000w\000a\000r\000d\000\040\000C\000s\000r\000A\000d\000j\000a\000c\000e\000n\000c\000y}{subsection.12.2}% 154
\BOOKMARK [3][-]{subsubsection.12.2.4}{\376\377\000D\000i\000s\000c\000u\000s\000s\000i\000o\000n}{subsection.12.2}% 155
\BOOKMARK [2][-]{subsection.12.3}{\376\377\000D\000e\000e\000p\000C\000a\000u\000s\000a\000l\000i\000t\000y}{section.12}% 156
\BOOKMARK [3][-]{subsubsection.12.3.1}{\376\377\000O\000v\000e\000r\000v\000i\000e\000w}{subsection.12.3}% 157
\BOOKMARK [3][-]{subsubsection.12.3.2}{\376\377\000I\000m\000p\000l\000e\000m\000e\000n\000t\000i\000n\000g\000\040\000t\000h\000e\000\040\000C\000o\000n\000t\000e\000x\000t}{subsection.12.3}% 158
\BOOKMARK [3][-]{subsubsection.12.3.3}{\376\377\000I\000m\000p\000l\000e\000m\000e\000n\000t\000i\000n\000g\000\040\000t\000h\000e\000\040\000E\000P\000P\000\040\000P\000r\000i\000m\000i\000t\000i\000v\000e\000s}{subsection.12.3}% 159
\BOOKMARK [3][-]{subsubsection.12.3.4}{\376\377\000I\000m\000p\000l\000e\000m\000e\000n\000t\000i\000n\000g\000\040\000C\000a\000u\000s\000a\000l\000\040\000R\000e\000a\000s\000o\000n\000i\000n\000g}{subsection.12.3}% 160
\BOOKMARK [3][-]{subsubsection.12.3.5}{\376\377\000I\000m\000p\000l\000e\000m\000e\000n\000t\000i\000n\000g\000\040\000T\000h\000e\000\040\000D\000e\000o\000n\000t\000i\000c\000\040\000I\000n\000f\000e\000r\000e\000n\000c\000e}{subsection.12.3}% 161
\BOOKMARK [3][-]{subsubsection.12.3.6}{\376\377\000I\000m\000p\000l\000e\000m\000e\000n\000t\000i\000n\000g\000\040\000T\000h\000e\000\040\000C\000a\000u\000s\000a\000l\000\040\000S\000t\000a\000t\000e\000\040\000M\000a\000c\000h\000i\000n\000e}{subsection.12.3}% 162
\BOOKMARK [3][-]{subsubsection.12.3.7}{\376\377\000D\000i\000s\000c\000u\000s\000s\000i\000o\000n}{subsection.12.3}% 163
\BOOKMARK [2][-]{subsection.12.4}{\376\377\000B\000e\000n\000c\000h\000m\000a\000r\000k\000s}{section.12}% 164
\BOOKMARK [3][-]{subsubsection.12.4.1}{\376\377\000U\000l\000t\000r\000a\000G\000r\000a\000p\000h\000\040\000B\000e\000n\000c\000h\000m\000a\000r\000k\000s}{subsection.12.4}% 165
\BOOKMARK [1][-]{section.13}{\376\377\000F\000u\000t\000u\000r\000e\000\040\000W\000o\000r\000k}{}% 166
\BOOKMARK [2][-]{subsection.13.1}{\376\377\000I\000n\000d\000e\000f\000i\000n\000i\000t\000e\000\040\000C\000a\000u\000s\000a\000l\000\040\000S\000t\000r\000u\000c\000t\000u\000r\000e\000s}{section.13}% 167
\BOOKMARK [2][-]{subsection.13.2}{\376\377\000C\000o\000n\000t\000e\000x\000t\000u\000a\000l\000\040\000C\000a\000u\000s\000a\000l\000\040\000D\000i\000s\000c\000o\000v\000e\000r\000y}{section.13}% 168
\BOOKMARK [2][-]{subsection.13.3}{\376\377\000F\000o\000r\000m\000a\000l\000i\000z\000a\000t\000i\000o\000n\000\040\000o\000f\000\040\000t\000h\000e\000\040\000E\000f\000f\000e\000c\000t\000\040\000E\000t\000h\000o\000s}{section.13}% 169
\BOOKMARK [2][-]{subsection.13.4}{\376\377\000T\000e\000l\000e\000o\000l\000o\000g\000i\000c\000a\000l\000\040\000I\000n\000q\000u\000i\000r\000y}{section.13}% 170
\BOOKMARK [2][-]{subsection.13.5}{\376\377\000D\000i\000s\000c\000u\000s\000s\000i\000o\000n}{section.13}% 171
\BOOKMARK [1][-]{section.14}{\376\377\000E\000p\000i\000l\000o\000g\000u\000e}{}% 172
\BOOKMARK [1][-]{section.14}{\376\377\000G\000l\000o\000s\000s\000a\000r\000y}{}% 173
\BOOKMARK [1][-]{section.14}{\376\377\000R\000e\000f\000e\000r\000e\000n\000c\000e\000s}{}% 174
